<?xml version="1.0" encoding="UTF-8"?>
<!-- Generated by org.testng.reporters.JUnitReportReporter -->
<testsuite hostname="LAPTOP-NBO2FS7F" failures="0" tests="1" name="tictactoe.game.Game" time="46.198" errors="0" timestamp="2020-07-06T08:27:39 IST" skipped="0">
  <testcase classname="tictactoe.game.Game" name="game" time="46.198"/>
  <system-out/>
</testsuite> <!-- tictactoe.game.Game -->
